<?xml version="1.0" encoding="UTF-8"?><testsuite name="nosetests" tests="4719" errors="0" failures="0" skip="487"><testcase classname="tests.helicopter.derived_parameters_test.TestAltitudeADH" name="test_adh_basic" time="0.003"></testcase><testcase classname="tests.helicopter.derived_parameters_test.TestAltitudeADH" name="test_adh_no_rig" time="0.001"></testcase><testcase classname="tests.helicopter.derived_parameters_test.TestAltitudeADH" name="test_adh_two_rigs" time="0.004"></testcase><testcase classname="tests.helicopter.derived_parameters_test.TestAltitudeADH" name="test_can_operate" time="0.000"></testcase><testcase classname="tests.helicopter.derived_parameters_test.TestAltitudeADH" name="test_frequency" time="0.002"></testcase><testcase classname="tests.helicopter.derived_parameters_test.TestAltitudeAGL" name="test_basic" time="0.001"></testcase><testcase classname="tests.helicopter.derived_parameters_test.TestAltitudeAGL" name="test_negative" time="0.001"></testcase><testcase classname="tests.helicopter.derived_parameters_test.TestAltitudeAGL" name="test_on_ground" time="0.001"></testcase><testcase classname="tests.helicopter.derived_parameters_test.TestAltitudeDensity" name="test_can_operate" time="0.000"></testcase><testcase classname="tests.helicopter.derived_parameters_test.TestAltitudeDensity" name="test_derive" time="0.001"></testcase><testcase classname="tests.helicopter.derived_parameters_test.TestApproachRange" name="test_can_operate" time="0.001"></testcase><testcase classname="tests.helicopter.derived_parameters_test.TestApproachRange" name="test_derive" time="0.002"></testcase><testcase classname="tests.helicopter.derived_parameters_test.TestCyclicAngle" name="test_can_operate" time="0.000"></testcase><testcase classname="tests.helicopter.derived_parameters_test.TestCyclicForeAft" name="test_can_operate" time="0.000"></testcase><testcase classname="tests.helicopter.derived_parameters_test.TestCyclicLateral" name="test_can_operate" time="0.000"></testcase><testcase classname="tests.helicopter.derived_parameters_test.TestMGBOilPress" name="test_can_operate" time="0.000"></testcase><testcase classname="tests.helicopter.derived_parameters_test.TestMGBOilPress" name="test_derive" time="0.001"></testcase><testcase classname="tests.helicopter.derived_parameters_test.TestMGBOilTemp" name="test_can_operate" time="0.000"></testcase><testcase classname="tests.helicopter.derived_parameters_test.TestMGBOilTemp" name="test_derive" time="0.001"></testcase><testcase classname="tests.helicopter.derived_parameters_test.TestNr" name="test_can_operate" time="0.000"></testcase><testcase classname="tests.helicopter.derived_parameters_test.TestNr" name="test_derive" time="0.001"></testcase><testcase classname="tests.helicopter.derived_parameters_test.TestTorqueAsymmetry" name="test_can_operate" time="0.000"></testcase><testcase classname="tests.helicopter.derived_parameters_test.TestTorqueAsymmetry" name="test_derive" time="0.000"></testcase><testcase classname="tests.helicopter.flight_phase_test.TestAirborne" name="test_airborne_helicopter_basic" time="0.003"></testcase><testcase classname="tests.helicopter.flight_phase_test.TestAirborne" name="test_airborne_helicopter_cant_fly_without_rotor_turning" time="0.001"></testcase><testcase classname="tests.helicopter.flight_phase_test.TestAirborne" name="test_airborne_helicopter_overlap" time="0.002"></testcase><testcase classname="tests.helicopter.flight_phase_test.TestAirborne" name="test_airborne_helicopter_radio_refinement" time="0.002"></testcase><testcase classname="tests.helicopter.flight_phase_test.TestAirborne" name="test_airborne_helicopter_short" time="0.002"></testcase><testcase classname="tests.helicopter.flight_phase_test.TestAirborne" name="test_can_operate" time="0.000"></testcase><testcase classname="tests.helicopter.flight_phase_test.TestAutorotation" name="test_can_operate" time="0.000"></testcase><testcase classname="tests.helicopter.flight_phase_test.TestAutorotation" name="test_derive_no_auto" time="0.001"></testcase><testcase classname="tests.helicopter.flight_phase_test.TestAutorotation" name="test_derive_one_auto" time="0.001"></testcase><testcase classname="tests.helicopter.flight_phase_test.TestAutorotation" name="test_derive_two_autos" time="0.001"></testcase><testcase classname="tests.helicopter.flight_phase_test.TestHover" name="test_can_operate" time="0.000"></testcase><testcase classname="tests.helicopter.flight_phase_test.TestHover" name="test_derive_basic" time="0.000"></testcase><testcase classname="tests.helicopter.flight_phase_test.TestHover" name="test_derive_not_dip" time="0.000"></testcase><testcase classname="tests.helicopter.flight_phase_test.TestHover" name="test_derive_not_without_transition" time="0.001"></testcase><testcase classname="tests.helicopter.flight_phase_test.TestHover" name="test_derive_null_transitions" time="0.000"></testcase><testcase classname="tests.helicopter.flight_phase_test.TestHover" name="test_derive_too_fast" time="0.001"></testcase><testcase classname="tests.helicopter.flight_phase_test.TestHover" name="test_derive_too_high" time="0.001"></testcase><testcase classname="tests.helicopter.flight_phase_test.TestHover" name="test_derive_too_short" time="0.001"></testcase><testcase classname="tests.helicopter.flight_phase_test.TestHoverTaxi" name="test_can_operate" time="0.000"></testcase><testcase classname="tests.helicopter.flight_phase_test.TestHoverTaxi" name="test_derive_basic" time="0.001"></testcase><testcase classname="tests.helicopter.flight_phase_test.TestOnDeck" name="test_basic" time="0.001"></testcase><testcase classname="tests.helicopter.flight_phase_test.TestOnDeck" name="test_can_operate" time="0.000"></testcase><testcase classname="tests.helicopter.flight_phase_test.TestOnDeck" name="test_roll" time="0.001"></testcase><testcase classname="tests.helicopter.flight_phase_test.TestOnDeck" name="test_roll_and_pitch" time="0.001"></testcase><testcase classname="tests.helicopter.flight_phase_test.TestOnDeck" name="test_still_on_ground" time="0.001"></testcase><testcase classname="tests.helicopter.flight_phase_test.TestRotorsTurning" name="test_can_operate" time="0.000"></testcase><testcase classname="tests.helicopter.flight_phase_test.TestRotorsTurning" name="test_derive_basic" time="0.001"></testcase><testcase classname="tests.helicopter.flight_phase_test.TestTakeoff" name="test_can_operate" time="0.000"></testcase><testcase classname="tests.helicopter.flight_phase_test.TestTakeoff" name="test_derive" time="0.000"><skipped type="unittest.case.SkipTest" message="No helicopter testcases prior to split."><![CDATA[Exception: No helicopter testcases prior to split.
]]></skipped></testcase><testcase classname="tests.helicopter.key_point_value_test.TestAirspeed100To20FtMax" name="test_can_operate" time="0.001"></testcase><testcase classname="tests.helicopter.key_point_value_test.TestAirspeed100To20FtMax" name="test_derive_basic" time="0.001"></testcase><testcase classname="tests.helicopter.key_point_value_test.TestAirspeed100To20FtMin" name="test_can_operate" time="0.001"></testcase><testcase classname="tests.helicopter.key_point_value_test.TestAirspeed100To20FtMin" name="test_derive_basic" time="0.001"></testcase><testcase classname="tests.helicopter.key_point_value_test.TestAirspeed20FtToTouchdownMax" name="test_can_operate" time="0.001"></testcase><testcase classname="tests.helicopter.key_point_value_test.TestAirspeed20FtToTouchdownMax" name="test_derive" time="0.001"></testcase><testcase classname="tests.helicopter.key_point_value_test.TestAirspeed2NMToOffshoreTouchdown" name="test_attributes" time="0.000"></testcase><testcase classname="tests.helicopter.key_point_value_test.TestAirspeed2NMToOffshoreTouchdown" name="test_can_operate" time="0.001"></testcase><testcase classname="tests.helicopter.key_point_value_test.TestAirspeed2NMToOffshoreTouchdown" name="test_derive" time="0.001"></testcase><testcase classname="tests.helicopter.key_point_value_test.TestAirspeed500To100FtMax" name="test_can_operate" time="0.000"></testcase><testcase classname="tests.helicopter.key_point_value_test.TestAirspeed500To100FtMax" name="test_derive_basic" time="0.001"></testcase><testcase classname="tests.helicopter.key_point_value_test.TestAirspeed500To100FtMin" name="test_can_operate" time="0.001"></testcase><testcase classname="tests.helicopter.key_point_value_test.TestAirspeed500To100FtMin" name="test_derive_basic" time="0.001"></testcase><testcase classname="tests.helicopter.key_point_value_test.TestAirspeedAbove101PercentRotorSpeed" name="test_can_operate" time="0.001"></testcase><testcase classname="tests.helicopter.key_point_value_test.TestAirspeedAbove101PercentRotorSpeed" name="test_derive" time="0.001"></testcase><testcase classname="tests.helicopter.key_point_value_test.TestAirspeedAbove101PercentRotorSpeed" name="test_derive_masked" time="0.001"></testcase><testcase classname="tests.helicopter.key_point_value_test.TestAirspeedAbove101PercentRotorSpeed" name="test_derive_multiple_exceeds" time="0.001"></testcase><testcase classname="tests.helicopter.key_point_value_test.TestAirspeedAbove101PercentRotorSpeed" name="test_derive_no_exceeding" time="0.000"></testcase><testcase classname="tests.helicopter.key_point_value_test.TestAirspeedAbove500FtMin" name="test_can_operate" time="0.001"></testcase><testcase classname="tests.helicopter.key_point_value_test.TestAirspeedAbove500FtMin" name="test_derive" time="0.001"></testcase><testcase classname="tests.helicopter.key_point_value_test.TestAirspeedAbove500FtMinOffshoreSpecialProcedure" name="test_can_operate" time="0.001"></testcase><testcase classname="tests.helicopter.key_point_value_test.TestAirspeedAbove500FtMinOffshoreSpecialProcedure" name="test_derive" time="0.001"></testcase><testcase classname="tests.helicopter.key_point_value_test.TestAirspeedAt200FtDuringOnshoreApproach" name="test_attributes" time="0.000"></testcase><testcase classname="tests.helicopter.key_point_value_test.TestAirspeedAt200FtDuringOnshoreApproach" name="test_can_operate" time="0.001"></testcase><testcase classname="tests.helicopter.key_point_value_test.TestAirspeedAt200FtDuringOnshoreApproach" name="test_derive" time="0.002"></testcase><testcase classname="tests.helicopter.key_point_value_test.TestAirspeedAt200FtDuringOnshoreApproach" name="test_not_offshore" time="0.001"></testcase><testcase classname="tests.helicopter.key_point_value_test.TestAirspeedAt200FtDuringOnshoreApproach" name="test_short_hop" time="0.002"></testcase><testcase classname="tests.helicopter.key_point_value_test.TestAirspeedAtAPGoAroundEngaged" name="test__airborne_phase_and_first_sample" time="0.001"></testcase><testcase classname="tests.helicopter.key_point_value_test.TestAirspeedAtAPGoAroundEngaged" name="test_can_operate" time="0.001"></testcase><testcase classname="tests.helicopter.key_point_value_test.TestAirspeedAtAPGoAroundEngaged" name="test_derive" time="0.001"></testcase><testcase classname="tests.helicopter.key_point_value_test.TestAirspeedDuringAutorotationMax" name="test_can_operate" time="0.000"></testcase><testcase classname="tests.helicopter.key_point_value_test.TestAirspeedDuringAutorotationMax" name="test_derive" time="0.000"></testcase><testcase classname="tests.helicopter.key_point_value_test.TestAirspeedDuringAutorotationMin" name="test_can_operate" time="0.000"></testcase><testcase classname="tests.helicopter.key_point_value_test.TestAirspeedDuringAutorotationMin" name="test_derive" time="0.000"></testcase><testcase classname="tests.helicopter.key_point_value_test.TestAirspeedWhileAPHeadingEngagedMin" name="test_can_operate" time="0.001"></testcase><testcase classname="tests.helicopter.key_point_value_test.TestAirspeedWhileAPHeadingEngagedMin" name="test_check_min" time="0.001"></testcase><testcase classname="tests.helicopter.key_point_value_test.TestAirspeedWhileAPHeadingEngagedMin" name="test_derive" time="0.001"></testcase><testcase classname="tests.helicopter.key_point_value_test.TestAirspeedWhileAPHeadingEngagedMin" name="test_no_mode" time="0.001"></testcase><testcase classname="tests.helicopter.key_point_value_test.TestAirspeedWhileAPVerticalSpeedEngagedMin" name="test_can_operate" time="0.000"></testcase><testcase classname="tests.helicopter.key_point_value_test.TestAirspeedWhileAPVerticalSpeedEngagedMin" name="test_check_min" time="0.001"></testcase><testcase classname="tests.helicopter.key_point_value_test.TestAirspeedWhileAPVerticalSpeedEngagedMin" name="test_derive" time="0.001"></testcase><testcase classname="tests.helicopter.key_point_value_test.TestAirspeedWhileAPVerticalSpeedEngagedMin" name="test_no_mode" time="0.001"></testcase><testcase classname="tests.helicopter.key_point_value_test.TestAltitudeDensityMax" name="test_can_operate" time="0.000"></testcase><testcase classname="tests.helicopter.key_point_value_test.TestAltitudeDensityMax" name="test_derive" time="0.000"></testcase><testcase classname="tests.helicopter.key_point_value_test.TestAltitudeDuringCruiseMin" name="test_attributes" time="0.000"></testcase><testcase classname="tests.helicopter.key_point_value_test.TestAltitudeDuringCruiseMin" name="test_can_operate" time="0.000"></testcase><testcase classname="tests.helicopter.key_point_value_test.TestAltitudeDuringCruiseMin" name="test_derive" time="0.001"></testcase><testcase classname="tests.helicopter.key_point_value_test.TestAltitudeRadioAtNoseDownAttitudeInitation" name="test_can_operate" time="0.000"></testcase><testcase classname="tests.helicopter.key_point_value_test.TestAltitudeRadioAtNoseDownAttitudeInitation" name="test_derive" time="0.000"></testcase><testcase classname="tests.helicopter.key_point_value_test.TestAltitudeRadioAtNoseDownAttitudeInitation" name="test_derive_multiple" time="0.000"></testcase><testcase classname="tests.helicopter.key_point_value_test.TestAltitudeRadioDuringAutorotationMin" name="test_can_operate" time="0.000"></testcase><testcase classname="tests.helicopter.key_point_value_test.TestAltitudeRadioDuringAutorotationMin" name="test_derive" time="0.001"></testcase><testcase classname="tests.helicopter.key_point_value_test.TestAltitudeRadioMinBeforeNoseDownAttitudeAdoptionOffshore" name="test_can_operate" time="0.000"></testcase><testcase classname="tests.helicopter.key_point_value_test.TestAltitudeRadioMinBeforeNoseDownAttitudeAdoptionOffshore" name="test_derive" time="0.001"></testcase><testcase classname="tests.helicopter.key_point_value_test.TestAltitudeRadioMinBeforeNoseDownAttitudeAdoptionOffshore" name="test_derive_fallback" time="0.001"></testcase><testcase classname="tests.helicopter.key_point_value_test.TestAltitudeRadioMinBeforeNoseDownAttitudeAdoptionOffshore" name="test_derive_multiple_liftoffs_and_offshore_clumps" time="0.002"></testcase><testcase classname="tests.helicopter.key_point_value_test.TestCGBOilPressMax" name="test_attributes" time="0.000"></testcase><testcase classname="tests.helicopter.key_point_value_test.TestCGBOilPressMax" name="test_can_operate" time="0.000"></testcase><testcase classname="tests.helicopter.key_point_value_test.TestCGBOilPressMax" name="test_derive" time="0.001"></testcase><testcase classname="tests.helicopter.key_point_value_test.TestCGBOilPressMin" name="test_attributes" time="0.000"></testcase><testcase classname="tests.helicopter.key_point_value_test.TestCGBOilPressMin" name="test_can_operate" time="0.000"></testcase><testcase classname="tests.helicopter.key_point_value_test.TestCGBOilPressMin" name="test_derive" time="0.001"></testcase><testcase classname="tests.helicopter.key_point_value_test.TestCGBOilTempMax" name="test_attributes" time="0.000"></testcase><testcase classname="tests.helicopter.key_point_value_test.TestCGBOilTempMax" name="test_can_operate" time="0.000"></testcase><testcase classname="tests.helicopter.key_point_value_test.TestCGBOilTempMax" name="test_derive" time="0.001"></testcase><testcase classname="tests.helicopter.key_point_value_test.TestCollectiveFrom10To60PercentDuration" name="test_can_operate" time="0.000"></testcase><testcase classname="tests.helicopter.key_point_value_test.TestCollectiveFrom10To60PercentDuration" name="test_derive" time="0.001"></testcase><testcase classname="tests.helicopter.key_point_value_test.TestCollectiveFrom10To60PercentDuration" name="test_derive__no_occurence" time="0.000"></testcase><testcase classname="tests.helicopter.key_point_value_test.TestCollectiveFrom10To60PercentDuration" name="test_derive__not_turning" time="0.000"></testcase><testcase classname="tests.helicopter.key_point_value_test.TestCollectiveFrom10To60PercentDuration" name="test_derive__reject_very_slow" time="0.000"></testcase><testcase classname="tests.helicopter.key_point_value_test.TestCruiseGuideIndicatorMax" name="test_can_operate" time="0.000"></testcase><testcase classname="tests.helicopter.key_point_value_test.TestCruiseGuideIndicatorMax" name="test_derive" time="0.001"></testcase><testcase classname="tests.helicopter.key_point_value_test.TestCyclicAftDuringTaxiMax" name="test_can_operate" time="0.001"></testcase><testcase classname="tests.helicopter.key_point_value_test.TestCyclicAftDuringTaxiMax" name="test_derive" time="0.001"></testcase><testcase classname="tests.helicopter.key_point_value_test.TestCyclicAftDuringTaxiMax" name="test_not_stationary" time="0.000"></testcase><testcase classname="tests.helicopter.key_point_value_test.TestCyclicDuringTaxiMax" name="test_can_operate" time="0.001"></testcase><testcase classname="tests.helicopter.key_point_value_test.TestCyclicDuringTaxiMax" name="test_derive" time="0.000"></testcase><testcase classname="tests.helicopter.key_point_value_test.TestCyclicDuringTaxiMax" name="test_not_stationary" time="0.000"></testcase><testcase classname="tests.helicopter.key_point_value_test.TestCyclicForeDuringTaxiMax" name="test_can_operate" time="0.001"></testcase><testcase classname="tests.helicopter.key_point_value_test.TestCyclicForeDuringTaxiMax" name="test_derive" time="0.001"></testcase><testcase classname="tests.helicopter.key_point_value_test.TestCyclicForeDuringTaxiMax" name="test_not_stationary" time="0.001"></testcase><testcase classname="tests.helicopter.key_point_value_test.TestCyclicLateralDuringTaxiMax" name="test_can_operate" time="0.001"></testcase><testcase classname="tests.helicopter.key_point_value_test.TestCyclicLateralDuringTaxiMax" name="test_derive" time="0.001"></testcase><testcase classname="tests.helicopter.key_point_value_test.TestCyclicLateralDuringTaxiMax" name="test_not_stationary" time="0.000"></testcase><testcase classname="tests.helicopter.key_point_value_test.TestEngN2MaximumContinuousPowerMin" name="test_can_operate" time="0.000"></testcase><testcase classname="tests.helicopter.key_point_value_test.TestEngN2MaximumContinuousPowerMin" name="test_derive_mocked" time="0.000"></testcase><testcase classname="tests.helicopter.key_point_value_test.TestEngTorqueAbove100KtsMax" name="test_attributes" time="0.000"></testcase><testcase classname="tests.helicopter.key_point_value_test.TestEngTorqueAbove100KtsMax" name="test_can_operate" time="0.000"></testcase><testcase classname="tests.helicopter.key_point_value_test.TestEngTorqueAbove100KtsMax" name="test_derive" time="0.001"></testcase><testcase classname="tests.helicopter.key_point_value_test.TestEngTorqueAbove90KtsMax" name="test_attributes" time="0.000"></testcase><testcase classname="tests.helicopter.key_point_value_test.TestEngTorqueAbove90KtsMax" name="test_can_operate" time="0.000"></testcase><testcase classname="tests.helicopter.key_point_value_test.TestEngTorqueAbove90KtsMax" name="test_derive_exceeding_masked_data" time="0.001"></testcase><testcase classname="tests.helicopter.key_point_value_test.TestEngTorqueAbove90KtsMax" name="test_derive_exceeding_once" time="0.001"></testcase><testcase classname="tests.helicopter.key_point_value_test.TestEngTorqueAbove90KtsMax" name="test_derive_exeeding_twice_seperated_by_less_than_ten_seconds" time="0.001"></testcase><testcase classname="tests.helicopter.key_point_value_test.TestEngTorqueAbove90KtsMax" name="test_derive_exeeding_twice_seperated_by_more_than_ten_seconds" time="0.001"></testcase><testcase classname="tests.helicopter.key_point_value_test.TestEngTorqueAbove90KtsMax" name="test_derive_not_exceeding" time="0.000"></testcase><testcase classname="tests.helicopter.key_point_value_test.TestEngTorqueExceeding100Percent" name="test_derive_exceeding_masked_data" time="0.000"></testcase><testcase classname="tests.helicopter.key_point_value_test.TestEngTorqueExceeding100Percent" name="test_derive_exceeding_multiple_times" time="0.001"></testcase><testcase classname="tests.helicopter.key_point_value_test.TestEngTorqueExceeding100Percent" name="test_derive_exceeding_one_longer_than_two_seconds_period" time="0.000"></testcase><testcase classname="tests.helicopter.key_point_value_test.TestEngTorqueExceeding100Percent" name="test_derive_exceeding_one_second_period" time="0.000"></testcase><testcase classname="tests.helicopter.key_point_value_test.TestEngTorqueExceeding100Percent" name="test_derive_exceeding_two_seconds_period" time="0.000"></testcase><testcase classname="tests.helicopter.key_point_value_test.TestEngTorqueExceeding100Percent" name="test_derive_not_exceeding" time="0.000"></testcase><testcase classname="tests.helicopter.key_point_value_test.TestEngTorqueExceeding110Percent" name="test_derive_exceeding_masked_data" time="0.000"></testcase><testcase classname="tests.helicopter.key_point_value_test.TestEngTorqueExceeding110Percent" name="test_derive_exceeding_multiple_times" time="0.001"></testcase><testcase classname="tests.helicopter.key_point_value_test.TestEngTorqueExceeding110Percent" name="test_derive_exceeding_one_longer_than_two_seconds_period" time="0.000"></testcase><testcase classname="tests.helicopter.key_point_value_test.TestEngTorqueExceeding110Percent" name="test_derive_exceeding_one_second_period" time="0.000"></testcase><testcase classname="tests.helicopter.key_point_value_test.TestEngTorqueExceeding110Percent" name="test_derive_exceeding_two_seconds_period" time="0.000"></testcase><testcase classname="tests.helicopter.key_point_value_test.TestEngTorqueExceeding110Percent" name="test_derive_not_exceeding" time="0.000"></testcase><testcase classname="tests.helicopter.key_point_value_test.TestEngTorqueWithOneEngineInoperativeMax" name="test_can_operate" time="0.000"></testcase><testcase classname="tests.helicopter.key_point_value_test.TestEngTorqueWithOneEngineInoperativeMax" name="test_derive_heli" time="0.001"></testcase><testcase classname="tests.helicopter.key_point_value_test.TestGroundspeed0_8NMToOffshoreTouchdownSpecialProcedure" name="test_attributes" time="0.000"></testcase><testcase classname="tests.helicopter.key_point_value_test.TestGroundspeed0_8NMToOffshoreTouchdownSpecialProcedure" name="test_can_operate" time="0.001"></testcase><testcase classname="tests.helicopter.key_point_value_test.TestGroundspeed0_8NMToOffshoreTouchdownSpecialProcedure" name="test_derive" time="0.000"></testcase><testcase classname="tests.helicopter.key_point_value_test.TestGroundspeed0_8NMToOffshoreTouchdownSpecialProcedure" name="test_derive_no_special_procedure" time="0.000"></testcase><testcase classname="tests.helicopter.key_point_value_test.TestGroundspeed0_8NMToOffshoreTouchdownStandardApproach" name="test_attributes" time="0.000"></testcase><testcase classname="tests.helicopter.key_point_value_test.TestGroundspeed0_8NMToOffshoreTouchdownStandardApproach" name="test_can_operate" time="0.001"></testcase><testcase classname="tests.helicopter.key_point_value_test.TestGroundspeed0_8NMToOffshoreTouchdownStandardApproach" name="test_derive_no_offshore_touchdown" time="0.000"></testcase><testcase classname="tests.helicopter.key_point_value_test.TestGroundspeed0_8NMToOffshoreTouchdownStandardApproach" name="test_derive_offshore_standard_landing" time="0.000"></testcase><testcase classname="tests.helicopter.key_point_value_test.TestGroundspeed20FtToTouchdownMax" name="test_can_operate" time="0.000"></testcase><testcase classname="tests.helicopter.key_point_value_test.TestGroundspeed20FtToTouchdownMax" name="test_derive" time="0.001"></testcase><testcase classname="tests.helicopter.key_point_value_test.TestGroundspeed20SecToOffshoreTouchdownMax" name="test_attributes" time="0.000"></testcase><testcase classname="tests.helicopter.key_point_value_test.TestGroundspeed20SecToOffshoreTouchdownMax" name="test_can_operate" time="0.001"></testcase><testcase classname="tests.helicopter.key_point_value_test.TestGroundspeed20SecToOffshoreTouchdownMax" name="test_derive" time="0.001"></testcase><testcase classname="tests.helicopter.key_point_value_test.TestGroundspeedBelow100FtMax" name="test_attributes" time="0.000"></testcase><testcase classname="tests.helicopter.key_point_value_test.TestGroundspeedBelow100FtMax" name="test_can_operate" time="0.001"></testcase><testcase classname="tests.helicopter.key_point_value_test.TestGroundspeedBelow100FtMax" name="test_derive" time="0.001"></testcase><testcase classname="tests.helicopter.key_point_value_test.TestGroundspeedBelow15FtFor20SecMax" name="test_can_operate" time="0.001"></testcase><testcase classname="tests.helicopter.key_point_value_test.TestGroundspeedBelow15FtFor20SecMax" name="test_derive" time="0.001"></testcase><testcase classname="tests.helicopter.key_point_value_test.TestGroundspeedWhileAirborneWithASEOff" name="test_can_operate" time="0.001"></testcase><testcase classname="tests.helicopter.key_point_value_test.TestGroundspeedWhileAirborneWithASEOff" name="test_derive" time="0.001"></testcase><testcase classname="tests.helicopter.key_point_value_test.TestGroundspeedWhileAirborneWithASEOff" name="test_derive__none" time="0.001"></testcase><testcase classname="tests.helicopter.key_point_value_test.TestGroundspeedWhileHoverTaxiingMax" name="test_can_operate" time="0.000"></testcase><testcase classname="tests.helicopter.key_point_value_test.TestGroundspeedWhileHoverTaxiingMax" name="test_derive" time="0.000"></testcase><testcase classname="tests.helicopter.key_point_value_test.TestGroundspeedWithZeroAirspeedFor5SecMax" name="test_can_operate" time="0.002"></testcase><testcase classname="tests.helicopter.key_point_value_test.TestGroundspeedWithZeroAirspeedFor5SecMax" name="test_derive" time="0.003"></testcase><testcase classname="tests.helicopter.key_point_value_test.TestHeadingDuringLanding" name="test_can_operate" time="0.000"></testcase><testcase classname="tests.helicopter.key_point_value_test.TestHeadingDuringLanding" name="test_derive_basic" time="0.000"></testcase><testcase classname="tests.helicopter.key_point_value_test.TestHeadingVariation1_5NMTo1_0NMFromOffshoreTouchdownMaxSpecialProcedure" name="test_attributes" time="0.000"></testcase><testcase classname="tests.helicopter.key_point_value_test.TestHeadingVariation1_5NMTo1_0NMFromOffshoreTouchdownMaxSpecialProcedure" name="test_can_operate" time="0.001"></testcase><testcase classname="tests.helicopter.key_point_value_test.TestHeadingVariation1_5NMTo1_0NMFromOffshoreTouchdownMaxSpecialProcedure" name="test_derive" time="0.001"></testcase><testcase classname="tests.helicopter.key_point_value_test.TestHeadingVariation1_5NMTo1_0NMFromOffshoreTouchdownMaxSpecialProcedure" name="test_derive_no_special_procedures" time="0.000"></testcase><testcase classname="tests.helicopter.key_point_value_test.TestHeadingVariation1_5NMTo1_0NMFromOffshoreTouchdownMaxStandardApproach" name="test_attributes" time="0.000"></testcase><testcase classname="tests.helicopter.key_point_value_test.TestHeadingVariation1_5NMTo1_0NMFromOffshoreTouchdownMaxStandardApproach" name="test_can_operate" time="0.001"></testcase><testcase classname="tests.helicopter.key_point_value_test.TestHeadingVariation1_5NMTo1_0NMFromOffshoreTouchdownMaxStandardApproach" name="test_derive_no_offshore_touchdown" time="0.000"></testcase><testcase classname="tests.helicopter.key_point_value_test.TestHeadingVariation1_5NMTo1_0NMFromOffshoreTouchdownMaxStandardApproach" name="test_derive_one_offshore_touchdown" time="0.001"></testcase><testcase classname="tests.helicopter.key_point_value_test.TestHoverHeightDuringOffshoreTakeoffMax" name="test_can_operate" time="0.001"></testcase><testcase classname="tests.helicopter.key_point_value_test.TestHoverHeightDuringOffshoreTakeoffMax" name="test_derive" time="0.001"></testcase><testcase classname="tests.helicopter.key_point_value_test.TestHoverHeightDuringOnshoreTakeoffMax" name="test_can_operate" time="0.001"></testcase><testcase classname="tests.helicopter.key_point_value_test.TestHoverHeightDuringOnshoreTakeoffMax" name="test_derive" time="0.001"></testcase><testcase classname="tests.helicopter.key_point_value_test.TestMGBOilPressLowDuration" name="test_attributes" time="0.000"></testcase><testcase classname="tests.helicopter.key_point_value_test.TestMGBOilPressLowDuration" name="test_can_operate" time="0.000"></testcase><testcase classname="tests.helicopter.key_point_value_test.TestMGBOilPressLowDuration" name="test_derive" time="0.001"></testcase><testcase classname="tests.helicopter.key_point_value_test.TestMGBOilPressLowDuration" name="test_derive_2" time="0.001"></testcase><testcase classname="tests.helicopter.key_point_value_test.TestMGBOilPressMax" name="test_attributes" time="0.000"></testcase><testcase classname="tests.helicopter.key_point_value_test.TestMGBOilPressMax" name="test_can_operate" time="0.000"></testcase><testcase classname="tests.helicopter.key_point_value_test.TestMGBOilPressMax" name="test_derive" time="0.001"></testcase><testcase classname="tests.helicopter.key_point_value_test.TestMGBOilPressMax" name="test_derive_fwd_aft" time="0.001"></testcase><testcase classname="tests.helicopter.key_point_value_test.TestMGBOilPressMin" name="test_attributes" time="0.000"></testcase><testcase classname="tests.helicopter.key_point_value_test.TestMGBOilPressMin" name="test_can_operate" time="0.000"></testcase><testcase classname="tests.helicopter.key_point_value_test.TestMGBOilPressMin" name="test_derive" time="0.001"></testcase><testcase classname="tests.helicopter.key_point_value_test.TestMGBOilPressMin" name="test_derive_fwd_aft" time="0.001"></testcase><testcase classname="tests.helicopter.key_point_value_test.TestMGBOilTempMax" name="test_attributes" time="0.000"></testcase><testcase classname="tests.helicopter.key_point_value_test.TestMGBOilTempMax" name="test_can_operate" time="0.000"></testcase><testcase classname="tests.helicopter.key_point_value_test.TestMGBOilTempMax" name="test_derive" time="0.001"></testcase><testcase classname="tests.helicopter.key_point_value_test.TestMGBOilTempMax" name="test_derive_fwd_aft" time="0.001"></testcase><testcase classname="tests.helicopter.key_point_value_test.TestPitch100To20FtMax" name="test_can_operate" time="0.000"></testcase><testcase classname="tests.helicopter.key_point_value_test.TestPitch100To20FtMax" name="test_derive" time="0.001"></testcase><testcase classname="tests.helicopter.key_point_value_test.TestPitch100To20FtMin" name="test_can_operate" time="0.000"></testcase><testcase classname="tests.helicopter.key_point_value_test.TestPitch100To20FtMin" name="test_derive" time="0.001"></testcase><testcase classname="tests.helicopter.key_point_value_test.TestPitch10To5FtMax" name="test_attributes" time="0.000"></testcase><testcase classname="tests.helicopter.key_point_value_test.TestPitch10To5FtMax" name="test_can_operate" time="0.001"></testcase><testcase classname="tests.helicopter.key_point_value_test.TestPitch10To5FtMax" name="test_derive" time="0.001"></testcase><testcase classname="tests.helicopter.key_point_value_test.TestPitch500To100FtMax" name="test_can_operate" time="0.000"></testcase><testcase classname="tests.helicopter.key_point_value_test.TestPitch500To100FtMax" name="test_derive" time="0.001"></testcase><testcase classname="tests.helicopter.key_point_value_test.TestPitch500To100FtMin" name="test_can_operate" time="0.000"></testcase><testcase classname="tests.helicopter.key_point_value_test.TestPitch500To100FtMin" name="test_derive" time="0.001"></testcase><testcase classname="tests.helicopter.key_point_value_test.TestPitch50FtToTouchdownMin" name="test_can_operate" time="0.001"></testcase><testcase classname="tests.helicopter.key_point_value_test.TestPitch50FtToTouchdownMin" name="test_derive" time="0.001"></testcase><testcase classname="tests.helicopter.key_point_value_test.TestPitch5To10FtMax" name="test_attributes" time="0.000"></testcase><testcase classname="tests.helicopter.key_point_value_test.TestPitch5To10FtMax" name="test_can_operate" time="0.001"></testcase><testcase classname="tests.helicopter.key_point_value_test.TestPitch5To10FtMax" name="test_derive" time="0.001"></testcase><testcase classname="tests.helicopter.key_point_value_test.TestPitchBelow1000FtMax" name="test_can_operate" time="0.000"></testcase><testcase classname="tests.helicopter.key_point_value_test.TestPitchBelow1000FtMax" name="test_derive" time="0.001"></testcase><testcase classname="tests.helicopter.key_point_value_test.TestPitchBelow1000FtMin" name="test_can_operate" time="0.000"></testcase><testcase classname="tests.helicopter.key_point_value_test.TestPitchBelow1000FtMin" name="test_derive" time="0.001"></testcase><testcase classname="tests.helicopter.key_point_value_test.TestPitchBelow5FtMax" name="test_attributes" time="0.000"></testcase><testcase classname="tests.helicopter.key_point_value_test.TestPitchBelow5FtMax" name="test_can_operate" time="0.001"></testcase><testcase classname="tests.helicopter.key_point_value_test.TestPitchBelow5FtMax" name="test_derive" time="0.001"></testcase><testcase classname="tests.helicopter.key_point_value_test.TestPitchOnDeckMax" name="test_basic" time="0.001"></testcase><testcase classname="tests.helicopter.key_point_value_test.TestPitchOnDeckMax" name="test_can_operate" time="0.000"></testcase><testcase classname="tests.helicopter.key_point_value_test.TestPitchOnDeckMax" name="test_with_coll_applied" time="0.001"></testcase><testcase classname="tests.helicopter.key_point_value_test.TestPitchOnDeckMin" name="test_can_operate" time="0.000"></testcase><testcase classname="tests.helicopter.key_point_value_test.TestPitchOnDeckMin" name="test_derive" time="0.001"></testcase><testcase classname="tests.helicopter.key_point_value_test.TestPitchOnGroundMax" name="test_can_operate" time="0.001"></testcase><testcase classname="tests.helicopter.key_point_value_test.TestPitchOnGroundMax" name="test_derive" time="0.001"></testcase><testcase classname="tests.helicopter.key_point_value_test.TestPitchOnGroundMax" name="test_not_on_deck" time="0.001"></testcase><testcase classname="tests.helicopter.key_point_value_test.TestPitchOnGroundMax" name="test_not_with_collective" time="0.001"></testcase><testcase classname="tests.helicopter.key_point_value_test.TestPitchOnGroundMin" name="test_can_operate" time="0.001"></testcase><testcase classname="tests.helicopter.key_point_value_test.TestPitchOnGroundMin" name="test_derive" time="0.001"></testcase><testcase classname="tests.helicopter.key_point_value_test.TestPitchOnGroundMin" name="test_not_on_deck" time="0.001"></testcase><testcase classname="tests.helicopter.key_point_value_test.TestRateOfDescent100To20FtMax" name="test_can_operate" time="0.000"></testcase><testcase classname="tests.helicopter.key_point_value_test.TestRateOfDescent100To20FtMax" name="test_derive" time="0.001"></testcase><testcase classname="tests.helicopter.key_point_value_test.TestRateOfDescent20FtToTouchdownMax" name="test_can_operate" time="0.000"></testcase><testcase classname="tests.helicopter.key_point_value_test.TestRateOfDescent20FtToTouchdownMax" name="test_derive" time="0.001"></testcase><testcase classname="tests.helicopter.key_point_value_test.TestRateOfDescent500To100FtMax" name="test_can_operate" time="0.000"></testcase><testcase classname="tests.helicopter.key_point_value_test.TestRateOfDescent500To100FtMax" name="test_derive" time="0.001"></testcase><testcase classname="tests.helicopter.key_point_value_test.TestRateOfDescentBelow30KtsWithPowerOnMax" name="test_can_operate" time="0.001"></testcase><testcase classname="tests.helicopter.key_point_value_test.TestRateOfDescentBelow30KtsWithPowerOnMax" name="test_derive" time="0.001"></testcase><testcase classname="tests.helicopter.key_point_value_test.TestRateOfDescentBelow30KtsWithPowerOnMax" name="test_low_power" time="0.001"></testcase><testcase classname="tests.helicopter.key_point_value_test.TestRateOfDescentBelow500FtMax" name="test_can_operate" time="0.001"></testcase><testcase classname="tests.helicopter.key_point_value_test.TestRateOfDescentBelow500FtMax" name="test_derive" time="0.001"></testcase><testcase classname="tests.helicopter.key_point_value_test.TestRoll100To20FtMax" name="test_can_operate" time="0.001"></testcase><testcase classname="tests.helicopter.key_point_value_test.TestRoll100To20FtMax" name="test_derive" time="0.001"></testcase><testcase classname="tests.helicopter.key_point_value_test.TestRollAbove300FtMax" name="test_can_operate" time="0.000"></testcase><testcase classname="tests.helicopter.key_point_value_test.TestRollAbove300FtMax" name="test_derive" time="0.001"></testcase><testcase classname="tests.helicopter.key_point_value_test.TestRollAbove500FtMax" name="test_can_operate" time="0.000"></testcase><testcase classname="tests.helicopter.key_point_value_test.TestRollAbove500FtMax" name="test_derive" time="0.001"></testcase><testcase classname="tests.helicopter.key_point_value_test.TestRollBelow300FtMax" name="test_attribute" time="0.000"></testcase><testcase classname="tests.helicopter.key_point_value_test.TestRollBelow300FtMax" name="test_can_operate" time="0.001"></testcase><testcase classname="tests.helicopter.key_point_value_test.TestRollBelow300FtMax" name="test_derive" time="0.001"></testcase><testcase classname="tests.helicopter.key_point_value_test.TestRollBelow500FtMax" name="test_can_operate" time="0.000"></testcase><testcase classname="tests.helicopter.key_point_value_test.TestRollBelow500FtMax" name="test_derive" time="0.001"></testcase><testcase classname="tests.helicopter.key_point_value_test.TestRollOnDeckMax" name="test_can_operate" time="0.001"></testcase><testcase classname="tests.helicopter.key_point_value_test.TestRollOnDeckMax" name="test_derive" time="0.001"></testcase><testcase classname="tests.helicopter.key_point_value_test.TestRollOnGroundMax" name="test_can_operate" time="0.001"></testcase><testcase classname="tests.helicopter.key_point_value_test.TestRollOnGroundMax" name="test_derive" time="0.001"></testcase><testcase classname="tests.helicopter.key_point_value_test.TestRollOnGroundMax" name="test_not_on_deck" time="0.001"></testcase><testcase classname="tests.helicopter.key_point_value_test.TestRollRateMax" name="test_can_operate" time="0.000"></testcase><testcase classname="tests.helicopter.key_point_value_test.TestRollRateMax" name="test_derive" time="0.001"></testcase><testcase classname="tests.helicopter.key_point_value_test.TestRollRateMax" name="test_multiple_flights" time="0.001"></testcase><testcase classname="tests.helicopter.key_point_value_test.TestRollRateMax" name="test_not_below_five" time="0.001"></testcase><testcase classname="tests.helicopter.key_point_value_test.TestRollWithAFCSDisengagedMax" name="test_attributes" time="0.000"></testcase><testcase classname="tests.helicopter.key_point_value_test.TestRollWithAFCSDisengagedMax" name="test_can_operate" time="0.001"></testcase><testcase classname="tests.helicopter.key_point_value_test.TestRollWithAFCSDisengagedMax" name="test_derive" time="0.002"></testcase><testcase classname="tests.helicopter.key_point_value_test.TestRotorSpeed36To49Duration" name="test_attributes" time="0.000"></testcase><testcase classname="tests.helicopter.key_point_value_test.TestRotorSpeed36To49Duration" name="test_can_operate" time="0.000"></testcase><testcase classname="tests.helicopter.key_point_value_test.TestRotorSpeed36To49Duration" name="test_derive" time="0.001"></testcase><testcase classname="tests.helicopter.key_point_value_test.TestRotorSpeed56To67Duration" name="test_attributes" time="0.000"></testcase><testcase classname="tests.helicopter.key_point_value_test.TestRotorSpeed56To67Duration" name="test_can_operate" time="0.000"></testcase><testcase classname="tests.helicopter.key_point_value_test.TestRotorSpeed56To67Duration" name="test_derive" time="0.001"></testcase><testcase classname="tests.helicopter.key_point_value_test.TestRotorSpeedAt6PercentCollectiveDuringEngStart" name="test_attributes" time="0.000"></testcase><testcase classname="tests.helicopter.key_point_value_test.TestRotorSpeedAt6PercentCollectiveDuringEngStart" name="test_can_operate" time="0.001"></testcase><testcase classname="tests.helicopter.key_point_value_test.TestRotorSpeedAt6PercentCollectiveDuringEngStart" name="test_derive" time="0.001"></testcase><testcase classname="tests.helicopter.key_point_value_test.TestRotorSpeedAt6PercentCollectiveDuringEngStart" name="test_derive__rotors_running_data_start" time="0.000"></testcase><testcase classname="tests.helicopter.key_point_value_test.TestRotorSpeedDuringAutorotationAbove108KtsMin" name="test_attributes" time="0.000"></testcase><testcase classname="tests.helicopter.key_point_value_test.TestRotorSpeedDuringAutorotationAbove108KtsMin" name="test_can_operate" time="0.001"></testcase><testcase classname="tests.helicopter.key_point_value_test.TestRotorSpeedDuringAutorotationAbove108KtsMin" name="test_derive" time="0.001"></testcase><testcase classname="tests.helicopter.key_point_value_test.TestRotorSpeedDuringAutorotationBelow108KtsMin" name="test_attributes" time="0.000"></testcase><testcase classname="tests.helicopter.key_point_value_test.TestRotorSpeedDuringAutorotationBelow108KtsMin" name="test_can_operate" time="0.001"></testcase><testcase classname="tests.helicopter.key_point_value_test.TestRotorSpeedDuringAutorotationBelow108KtsMin" name="test_derive" time="0.001"></testcase><testcase classname="tests.helicopter.key_point_value_test.TestRotorSpeedDuringAutorotationMax" name="test_attributes" time="0.000"></testcase><testcase classname="tests.helicopter.key_point_value_test.TestRotorSpeedDuringAutorotationMax" name="test_can_operate" time="0.000"></testcase><testcase classname="tests.helicopter.key_point_value_test.TestRotorSpeedDuringAutorotationMax" name="test_derive" time="0.000"></testcase><testcase classname="tests.helicopter.key_point_value_test.TestRotorSpeedDuringAutorotationMin" name="test_attributes" time="0.000"></testcase><testcase classname="tests.helicopter.key_point_value_test.TestRotorSpeedDuringAutorotationMin" name="test_can_operate" time="0.000"></testcase><testcase classname="tests.helicopter.key_point_value_test.TestRotorSpeedDuringAutorotationMin" name="test_derive" time="0.000"></testcase><testcase classname="tests.helicopter.key_point_value_test.TestRotorSpeedDuringMaximumContinuousPowerMin" name="test_can_operate" time="0.001"></testcase><testcase classname="tests.helicopter.key_point_value_test.TestRotorSpeedDuringMaximumContinuousPowerMin" name="test_derive" time="0.001"></testcase><testcase classname="tests.helicopter.key_point_value_test.TestRotorSpeedDuringMaximumContinuousPowerMin" name="test_excluding_autorotation" time="0.001"></testcase><testcase classname="tests.helicopter.key_point_value_test.TestRotorSpeedWhileAirborneMax" name="test_can_operate" time="0.001"></testcase><testcase classname="tests.helicopter.key_point_value_test.TestRotorSpeedWhileAirborneMax" name="test_derive" time="0.000"></testcase><testcase classname="tests.helicopter.key_point_value_test.TestRotorSpeedWhileAirborneMax" name="test_excluding_autorotation" time="0.001"></testcase><testcase classname="tests.helicopter.key_point_value_test.TestRotorSpeedWhileAirborneMin" name="test_can_operate" time="0.001"></testcase><testcase classname="tests.helicopter.key_point_value_test.TestRotorSpeedWhileAirborneMin" name="test_derive" time="0.000"></testcase><testcase classname="tests.helicopter.key_point_value_test.TestRotorSpeedWhileAirborneMin" name="test_excluding_autorotation" time="0.001"></testcase><testcase classname="tests.helicopter.key_point_value_test.TestRotorSpeedWithRotorBrakeAppliedMax" name="test_can_operate" time="0.000"></testcase><testcase classname="tests.helicopter.key_point_value_test.TestRotorSpeedWithRotorBrakeAppliedMax" name="test_derive" time="0.002"></testcase><testcase classname="tests.helicopter.key_point_value_test.TestRotorSpeedWithRotorBrakeAppliedMax" name="test_two_samples_not_one" time="0.002"></testcase><testcase classname="tests.helicopter.key_point_value_test.TestRotorsRunningDuration" name="test_can_operate" time="0.000"></testcase><testcase classname="tests.helicopter.key_point_value_test.TestRotorsRunningDuration" name="test_derive" time="0.001"></testcase><testcase classname="tests.helicopter.key_point_value_test.TestSATMin" name="test_can_operate" time="0.000"></testcase><testcase classname="tests.helicopter.key_point_value_test.TestSATMin" name="test_derive" time="0.000"></testcase><testcase classname="tests.helicopter.key_point_value_test.TestSATMin" name="test_derive_s92" time="0.000"></testcase><testcase classname="tests.helicopter.key_point_value_test.TestSATRateOfChangeMax" name="test_basic" time="0.001"></testcase><testcase classname="tests.helicopter.key_point_value_test.TestSATRateOfChangeMax" name="test_can_operate" time="0.000"></testcase><testcase classname="tests.helicopter.key_point_value_test.TestSATRateOfChangeMax" name="test_pulses" time="0.001"></testcase><testcase classname="tests.helicopter.key_point_value_test.TestTailRotorPedalWhileTaxiingABSMax" name="test_can_operate" time="0.000"></testcase><testcase classname="tests.helicopter.key_point_value_test.TestTailRotorPedalWhileTaxiingABSMax" name="test_derive" time="0.000"></testcase><testcase classname="tests.helicopter.key_point_value_test.TestTailRotorPedalWhileTaxiingMax" name="test_can_operate" time="0.000"></testcase><testcase classname="tests.helicopter.key_point_value_test.TestTailRotorPedalWhileTaxiingMax" name="test_derive" time="0.000"></testcase><testcase classname="tests.helicopter.key_point_value_test.TestTailRotorPedalWhileTaxiingMin" name="test_can_operate" time="0.000"></testcase><testcase classname="tests.helicopter.key_point_value_test.TestTailRotorPedalWhileTaxiingMin" name="test_derive" time="0.000"></testcase><testcase classname="tests.helicopter.key_point_value_test.TestTrackVariation100To50Ft" name="test_can_operate" time="0.000"></testcase><testcase classname="tests.helicopter.key_point_value_test.TestTrackVariation100To50Ft" name="test_derive" time="0.001"></testcase><testcase classname="tests.helicopter.key_point_value_test.TestTrainingModeDuration" name="test_can_operate" time="0.000"></testcase><testcase classname="tests.helicopter.key_point_value_test.TestTrainingModeDuration" name="test_derive_H225" time="0.001"></testcase><testcase classname="tests.helicopter.key_point_value_test.TestTrainingModeDuration" name="test_derive_S92A" time="0.000"></testcase><testcase classname="tests.helicopter.key_point_value_test.TestVerticalSpeedAtAltitude" name="test_attributes" time="0.000"></testcase><testcase classname="tests.helicopter.key_point_value_test.TestVerticalSpeedAtAltitude" name="test_can_operate" time="0.001"></testcase><testcase classname="tests.helicopter.key_point_value_test.TestVerticalSpeedAtAltitude" name="test_derive" time="0.002"></testcase><testcase classname="tests.helicopter.key_point_value_test.TestWindSpeedInCriticalAzimuth" name="test_can_operate" time="0.002"></testcase><testcase classname="tests.helicopter.key_point_value_test.TestWindSpeedInCriticalAzimuth" name="test_derive" time="0.001"></testcase><testcase classname="tests.helicopter.multistate_parameters_test.TestASEEngaged" name="test_can_operate" time="0.001"></testcase><testcase classname="tests.helicopter.multistate_parameters_test.TestASEEngaged" name="test_dual_ap" time="0.090"></testcase><testcase classname="tests.helicopter.multistate_parameters_test.TestASEEngaged" name="test_single_ase" time="0.006"></testcase><testcase classname="tests.helicopter.multistate_parameters_test.TestAllEnginesOperative" name="test_can_operate" time="0.001"></testcase><testcase classname="tests.helicopter.multistate_parameters_test.TestAllEnginesOperative" name="test_derive" time="0.007"></testcase><testcase classname="tests.helicopter.multistate_parameters_test.TestEng1OneEngineInoperative" name="test_can_operate" time="0.001"></testcase><testcase classname="tests.helicopter.multistate_parameters_test.TestEng1OneEngineInoperative" name="test_derive" time="0.007"></testcase><testcase classname="tests.helicopter.multistate_parameters_test.TestEng1OneEngineInoperative" name="test_derive_mask" time="0.007"></testcase><testcase classname="tests.helicopter.multistate_parameters_test.TestEng2OneEngineInoperative" name="test_can_operate" time="0.001"></testcase><testcase classname="tests.helicopter.multistate_parameters_test.TestEng2OneEngineInoperative" name="test_derive" time="0.007"></testcase><testcase classname="tests.helicopter.multistate_parameters_test.TestEng2OneEngineInoperative" name="test_derive_mask" time="0.007"></testcase><testcase classname="tests.helicopter.multistate_parameters_test.TestGearOnGround" name="test_can_operate" time="0.000"></testcase><testcase classname="tests.helicopter.multistate_parameters_test.TestGearOnGround" name="test_derive__columbia234" time="0.011"></testcase><testcase classname="tests.helicopter.multistate_parameters_test.TestGearOnGround" name="test_derive__columbia234_collective" time="0.018"></testcase><testcase classname="tests.helicopter.multistate_parameters_test.TestOneEngineInoperative" name="test_can_operate" time="0.001"></testcase><testcase classname="tests.helicopter.multistate_parameters_test.TestOneEngineInoperative" name="test_derive" time="0.007"></testcase><testcase classname="tests.helicopter.multistate_parameters_test.TestRotorBrakeEngaged" name="test_both_brakes" time="0.006"></testcase><testcase classname="tests.helicopter.multistate_parameters_test.TestRotorBrakeEngaged" name="test_brk1" time="0.006"></testcase><testcase classname="tests.helicopter.multistate_parameters_test.TestRotorBrakeEngaged" name="test_brk2" time="0.006"></testcase><testcase classname="tests.helicopter.multistate_parameters_test.TestRotorBrakeEngaged" name="test_can_operate" time="0.001"></testcase><testcase classname="tests.helicopter.multistate_parameters_test.TestRotorsRunning" name="test_can_operate" time="0.000"></testcase><testcase classname="tests.pre_processing.merge_multistate_parameters_test.TestGearDown" name="test_can_operate" time="0.001"></testcase><testcase classname="tests.pre_processing.merge_multistate_parameters_test.TestGearDown" name="test_derive" time="0.008"></testcase><testcase classname="tests.pre_processing.merge_multistate_parameters_test.TestGearDownInTransit" name="test_can_operate" time="0.001"></testcase><testcase classname="tests.pre_processing.merge_multistate_parameters_test.TestGearDownInTransit" name="test_derive__combine" time="0.008"></testcase><testcase classname="tests.pre_processing.merge_multistate_parameters_test.TestGearInTransit" name="test_can_operate" time="0.001"></testcase><testcase classname="tests.pre_processing.merge_multistate_parameters_test.TestGearInTransit" name="test_derive" time="0.008"></testcase><testcase classname="tests.pre_processing.merge_multistate_parameters_test.TestGearPosition" name="test_derive__gear_position" time="0.009"></testcase><testcase classname="tests.pre_processing.merge_multistate_parameters_test.TestGearUp" name="test_can_operate" time="0.001"></testcase><testcase classname="tests.pre_processing.merge_multistate_parameters_test.TestGearUp" name="test_derive" time="0.008"></testcase><testcase classname="tests.pre_processing.merge_multistate_parameters_test.TestGearUp" name="test_derive_spike" time="0.008"></testcase><testcase classname="tests.pre_processing.merge_multistate_parameters_test.TestGearUpInTransit" name="test_can_operate" time="0.001"></testcase><testcase classname="tests.pre_processing.merge_multistate_parameters_test.TestGearUpInTransit" name="test_derive__combine" time="0.007"></testcase><testcase classname="tests.pre_processing.merge_parameters_test.TestGroundspeed" name="test_basic" time="0.001"></testcase><testcase classname="tests.pre_processing.merge_parameters_test.TestGroundspeed" name="test_can_operate" time="0.000"></testcase><testcase classname="tests.pre_processing.merge_parameters_test.TestLatitudePrepared" name="test_can_operate" time="0.000"></testcase><testcase classname="tests.pre_processing.merge_parameters_test.TestLatitudePrepared" name="test_derive" time="0.000"><skipped type="unittest.case.SkipTest" message="Test Not Implemented"><![CDATA[Exception: Test Not Implemented
]]></skipped></testcase><testcase classname="tests.pre_processing.merge_parameters_test.TestLongitudePrepared" name="test_can_operate" time="0.000"></testcase><testcase classname="tests.pre_processing.merge_parameters_test.TestLongitudePrepared" name="test_derive" time="0.000"><skipped type="unittest.case.SkipTest" message="Test Not Implemented"><![CDATA[Exception: Test Not Implemented
]]></skipped></testcase><testcase classname="tests.api_handler_test.FileHandlerTest" name="test_get_aircraft" time="0.000"><skipped type="unittest.case.SkipTest" message="Not implemented yet."><![CDATA[Exception: Not implemented yet.
]]></skipped></testcase><testcase classname="tests.api_handler_test.FileHandlerTest" name="test_get_airport" time="0.034"></testcase><testcase classname="tests.api_handler_test.FileHandlerTest" name="test_get_analyser_profiles" time="0.000"><skipped type="unittest.case.SkipTest" message="Not implemented yet."><![CDATA[Exception: Not implemented yet.
]]></skipped></testcase><testcase classname="tests.api_handler_test.FileHandlerTest" name="test_get_data_exports" time="0.000"><skipped type="unittest.case.SkipTest" message="Not implemented yet."><![CDATA[Exception: Not implemented yet.
]]></skipped></testcase><testcase classname="tests.api_handler_test.FileHandlerTest" name="test_get_nearest_airport" time="0.014"></testcase><testcase classname="tests.api_handler_test.HTTPHandlerTest" name="test_get_aircraft" time="0.000"><skipped type="unittest.case.SkipTest" message="Not implemented yet."><![CDATA[Exception: Not implemented yet.
]]></skipped></testcase><testcase classname="tests.api_handler_test.HTTPHandlerTest" name="test_get_airport" time="0.000"><skipped type="unittest.case.SkipTest" message="Not implemented yet."><![CDATA[Exception: Not implemented yet.
]]></skipped></testcase><testcase classname="tests.api_handler_test.HTTPHandlerTest" name="test_get_analyser_profiles" time="0.000"><skipped type="unittest.case.SkipTest" message="Not implemented yet."><![CDATA[Exception: Not implemented yet.
]]></skipped></testcase><testcase classname="tests.api_handler_test.HTTPHandlerTest" name="test_get_data_exports" time="0.000"><skipped type="unittest.case.SkipTest" message="Not implemented yet."><![CDATA[Exception: Not implemented yet.
]]></skipped></testcase><testcase classname="tests.api_handler_test.HTTPHandlerTest" name="test_get_nearest_airport" time="0.000"><skipped type="unittest.case.SkipTest" message="Not implemented yet."><![CDATA[Exception: Not implemented yet.
]]></skipped></testcase><testcase classname="tests.approaches_test.TestAlicante" name="test_no_ils" time="0.014"></testcase><testcase classname="tests.approaches_test.TestApproachInformation" name="test_can_operate" time="0.000"></testcase><testcase classname="tests.approaches_test.TestApproachInformation" name="test_derive" time="0.000"><skipped type="unittest.case.SkipTest" message="superceded"><![CDATA[Exception: superceded
]]></skipped></testcase><testcase classname="tests.approaches_test.TestApproachInformation" name="test_derive_afr_fallback" time="0.000"><skipped type="unittest.case.SkipTest" message="Covered by TestHerat"><![CDATA[Exception: Covered by TestHerat
]]></skipped></testcase><testcase classname="tests.approaches_test.TestApproachInformation" name="test_ils_localizer_all_masked" time="0.002"></testcase><testcase classname="tests.approaches_test.TestApproachInformation" name="test_ils_localizer_established_always_on_loc" time="0.005"></testcase><testcase classname="tests.approaches_test.TestApproachInformation" name="test_ils_localizer_established_basic" time="0.005"></testcase><testcase classname="tests.approaches_test.TestApproachInformation" name="test_ils_localizer_established_below_1000ft" time="0.005"></testcase><testcase classname="tests.approaches_test.TestApproachInformation" name="test_ils_localizer_established_masked_preamble" time="0.005"></testcase><testcase classname="tests.approaches_test.TestApproachInformation" name="test_ils_localizer_established_never_on_loc" time="0.004"></testcase><testcase classname="tests.approaches_test.TestApproachInformation" name="test_ils_localizer_established_not_above_1500ft" time="0.005"></testcase><testcase classname="tests.approaches_test.TestApproachInformation" name="test_ils_localizer_established_only_last_segment" time="0.005"></testcase><testcase classname="tests.approaches_test.TestApproachInformation" name="test_ils_localizer_frequency_masked" time="0.003"></testcase><testcase classname="tests.approaches_test.TestApproachInformation" name="test_ils_localizer_frequency_wrong_frequency" time="0.002"></testcase><testcase classname="tests.approaches_test.TestApproachInformation" name="test_ils_localizer_insensitive_to_few_masked_values" time="0.030"></testcase><testcase classname="tests.approaches_test.TestApproachInformation" name="test_ils_localizer_skips_too_few_values" time="0.002"></testcase><testcase classname="tests.approaches_test.TestApproachInformation" name="test_ils_localizer_skips_too_many_masked_values" time="0.002"></testcase><testcase classname="tests.approaches_test.TestApproachInformation" name="test_ils_localizer_stays_established_with_large_visible_deviations" time="0.004"></testcase><testcase classname="tests.approaches_test.TestApproachInformation" name="test_landing_turn_off_runway_basic" time="0.002"></testcase><testcase classname="tests.approaches_test.TestApproachInformation" name="test_landing_turn_off_runway_curved" time="0.002"></testcase><testcase classname="tests.approaches_test.TestApproachInformation" name="test_landing_turn_off_runway_curved_left" time="0.002"></testcase><testcase classname="tests.approaches_test.TestBarcelona" name="test_no_runway_change_at_barcelona" time="0.025"></testcase><testcase classname="tests.approaches_test.TestBardufoss" name="test_slightly_offset_localizer" time="0.014"></testcase><testcase classname="tests.approaches_test.TestBodo" name="test_offset_localizer" time="0.013"></testcase><testcase classname="tests.approaches_test.TestChania" name="test_no_ils" time="0.013"></testcase><testcase classname="tests.approaches_test.TestCloseAirprots" name="test_afr_match" time="0.002"></testcase><testcase classname="tests.approaches_test.TestCloseAirprots" name="test_afr_missmatch" time="0.002"></testcase><testcase classname="tests.approaches_test.TestCloseAirprots" name="test_ils_freq" time="0.004"></testcase><testcase classname="tests.approaches_test.TestCloseAirprots" name="test_no_ils_freq" time="0.004"></testcase><testcase classname="tests.approaches_test.TestDallasFortWorth" name="test_runway_change_at_DFW" time="0.017"></testcase><testcase classname="tests.approaches_test.TestFortWorth" name="test_ils_corrected_data" time="0.015"></testcase><testcase classname="tests.approaches_test.TestGranCanaria" name="test_no_runway_change_at_gran_canaria" time="0.021"></testcase><testcase classname="tests.approaches_test.TestHerat" name="test_no_ils_but_signal_looks_ok" time="0.008"></testcase><testcase classname="tests.approaches_test.TestIsHeliport" name="test_is_heliport" time="0.000"></testcase><testcase classname="tests.approaches_test.TestKirkenes" name="test_ils_on_reciprocal_runway" time="0.014"></testcase><testcase classname="tests.approaches_test.TestMunich" name="test_no_runway_change_at_munich" time="0.016"></testcase><testcase classname="tests.approaches_test.TestNewDelhi" name="test_no_runway_change_at_new_delhi" time="0.014"></testcase><testcase classname="tests.approaches_test.TestNice" name="test__no_runway_change_at_nice" time="0.015"></testcase><testcase classname="tests.approaches_test.TestPalmaDeMallorca" name="test_runway_change_at_Palma_De_Mallorca" time="0.017"></testcase><testcase classname="tests.approaches_test.TestScatsta" name="test_no_ils_glidepath" time="0.011"></testcase><testcase classname="tests.approaches_test.TestSirSeretseKhama" name="test_late_turn_and_glideslope_established" time="0.012"></testcase><testcase classname="tests.approaches_test.TestSplit" name="test_ga_at_split" time="0.016"></testcase><testcase classname="tests.approaches_test.TestWashingtonNational" name="test_huge_offset" time="0.014"></testcase><testcase classname="tests.approaches_test.TestZaventem" name="test_go_around_and_landing" time="0.022"></testcase><testcase classname="tests.dependency_graph_test.TestDependencyGraph" name="test_acceleration_lateral_offset_processing_order" time="0.853"></testcase><testcase classname="tests.dependency_graph_test.TestDependencyGraph" name="test_acceleration_normal_offset_processing_order" time="0.793"></testcase><testcase classname="tests.dependency_graph_test.TestDependencyGraph" name="test_avoiding_all_circular_dependencies_by_having_nothing_recorded" time="0.000"><skipped type="unittest.case.SkipTest" message="Need to completely remove circular dependencies before this test could be use by Jenkins."><![CDATA[Exception: Need to completely remove circular dependencies before this test could be use by Jenkins.
]]></skipped></testcase><testcase classname="tests.dependency_graph_test.TestDependencyGraph" name="test_avoiding_all_circular_dependencies_with_recorded_lfls" time="0.000"><skipped type="unittest.case.SkipTest" message="Need to completely remove circular dependencies before this test could be use by Jenkins."><![CDATA[Exception: Need to completely remove circular dependencies before this test could be use by Jenkins.
]]></skipped></testcase><testcase classname="tests.dependency_graph_test.TestDependencyGraph" name="test_avoiding_circular_dependency_approach_information" time="0.000"><skipped type="unittest.case.SkipTest" message="Need to improve testcase, exception still being rasie. with a diferent circular dependancy."><![CDATA[Exception: Need to improve testcase, exception still being rasie. with a diferent circular dependancy.
]]></skipped></testcase><testcase classname="tests.dependency_graph_test.TestDependencyGraph" name="test_avoiding_circular_dependency_approach_information_helicopter" time="0.000"><skipped type="unittest.case.SkipTest" message="Need to improve testcase, exception still being rasie. with a diferent circular dependancy."><![CDATA[Exception: Need to improve testcase, exception still being rasie. with a diferent circular dependancy.
]]></skipped></testcase><testcase classname="tests.dependency_graph_test.TestDependencyGraph" name="test_avoiding_circular_dependency_approach_range" time="0.000"><skipped type="unittest.case.SkipTest" message="Need to improve testcase, exception still being rasie. with a diferent circular dependancy."><![CDATA[Exception: Need to improve testcase, exception still being rasie. with a diferent circular dependancy.
]]></skipped></testcase><testcase classname="tests.dependency_graph_test.TestDependencyGraph" name="test_avoiding_circular_dependency_approach_range_helicopter" time="0.000"><skipped type="unittest.case.SkipTest" message="Need to improve testcase, exception still being rasie. with a diferent circular dependancy."><![CDATA[Exception: Need to improve testcase, exception still being rasie. with a diferent circular dependancy.
]]></skipped></testcase><testcase classname="tests.dependency_graph_test.TestDependencyGraph" name="test_avoiding_circular_dependency_gear_up_selected" time="0.000"><skipped type="unittest.case.SkipTest" message="Need to improve testcase, exception still being rasie. with a diferent circular dependancy."><![CDATA[Exception: Need to improve testcase, exception still being rasie. with a diferent circular dependancy.
]]></skipped></testcase><testcase classname="tests.dependency_graph_test.TestDependencyGraph" name="test_avoiding_circular_dependency_track_true" time="0.000"><skipped type="unittest.case.SkipTest" message="Need to improve testcase, exception still being rasie. with a diferent circular dependancy."><![CDATA[Exception: Need to improve testcase, exception still being rasie. with a diferent circular dependancy.
]]></skipped></testcase><testcase classname="tests.dependency_graph_test.TestDependencyGraph" name="test_avoiding_possible_circular_dependency" time="0.007"></testcase><testcase classname="tests.dependency_graph_test.TestDependencyGraph" name="test_dependency" time="0.001"></testcase><testcase classname="tests.dependency_graph_test.TestDependencyGraph" name="test_dependency_with_lowlevel_dependencies_requested" time="0.001"></testcase><testcase classname="tests.dependency_graph_test.TestDependencyGraph" name="test_graph_middle_level_depenency_builds_partial_tree" time="0.000"></testcase><testcase classname="tests.dependency_graph_test.TestDependencyGraph" name="test_graph_nodes_using_sample_tree" time="0.000"></testcase><testcase classname="tests.dependency_graph_test.TestDependencyGraph" name="test_graph_nodes_with_duplicate_key_in_lfl_and_derived" time="0.001"></testcase><testcase classname="tests.dependency_graph_test.TestDependencyGraph" name="test_graph_predecessors" time="0.000"></testcase><testcase classname="tests.dependency_graph_test.TestDependencyGraph" name="test_graph_requesting_all_dependencies_links_root_to_end_leafs" time="0.000"></testcase><testcase classname="tests.dependency_graph_test.TestDependencyGraph" name="test_indent_tree" time="0.000"></testcase><testcase classname="tests.dependency_graph_test.TestDependencyGraph" name="test_invalid_requirement_raises" time="0.003"></testcase><testcase classname="tests.dependency_graph_test.TestDependencyGraph" name="test_processing_order_magnetic_variation_from_runway" time="0.785"></testcase><testcase classname="tests.dependency_graph_test.TestDependencyGraph" name="test_required_available" time="0.001"></testcase><testcase classname="tests.dependency_graph_test.TestDependencyGraph" name="test_required_unavailable" time="0.000"><skipped type="unittest.case.SkipTest" message="Ignoring as graph_nodes does nothing with required nodes"><![CDATA[Exception: Ignoring as graph_nodes does nothing with required nodes
]]></skipped></testcase><testcase classname="tests.dependency_graph_test.TestDependencyGraph" name="test_sample_parameter_module" time="0.004"></testcase><testcase classname="tests.dependency_graph_test.TestGraphAdjacencies" name="test_graph_adjacencies" time="0.000"></testcase><testcase classname="tests.derived_parameters_test.TestAOA" name="test_Derive_only_left" time="0.000"></testcase><testcase classname="tests.derived_parameters_test.TestAOA" name="test_can_operate" time="0.000"></testcase><testcase classname="tests.derived_parameters_test.TestAOA" name="test_cl_600_family" time="0.000"></testcase><testcase classname="tests.derived_parameters_test.TestAOA" name="test_derive" time="0.001"></testcase><testcase classname="tests.derived_parameters_test.TestAccelerationAcrossTrack" name="test_acceleration_across_resolved" time="0.001"></testcase><testcase classname="tests.derived_parameters_test.TestAccelerationAcrossTrack" name="test_acceleration_across_side_only" time="0.001"></testcase><testcase classname="tests.derived_parameters_test.TestAccelerationAcrossTrack" name="test_can_operate" time="0.001"></testcase><testcase classname="tests.derived_parameters_test.TestAccelerationAlongTrack" name="test_acceleration_along_forward_only" time="0.001"></testcase><testcase classname="tests.derived_parameters_test.TestAccelerationAlongTrack" name="test_acceleration_along_resolved" time="0.001"></testcase><testcase classname="tests.derived_parameters_test.TestAccelerationAlongTrack" name="test_can_operate" time="0.001"></testcase><testcase classname="tests.derived_parameters_test.TestAccelerationForwards" name="test_acceleration_forward_level_on_gound" time="0.001"></testcase><testcase classname="tests.derived_parameters_test.TestAccelerationForwards" name="test_acceleration_forward_pitch_up" time="0.001"></testcase><testcase classname="tests.derived_parameters_test.TestAccelerationForwards" name="test_can_operate" time="0.001"></testcase><testcase classname="tests.derived_parameters_test.TestAccelerationLateralOffsetRemoved" name="test_can_operate" time="0.000"></testcase><testcase classname="tests.derived_parameters_test.TestAccelerationLateralOffsetRemoved" name="test_derive_negative_offset" time="0.000"></testcase><testcase classname="tests.derived_parameters_test.TestAccelerationLateralOffsetRemoved" name="test_derive_no_offset" time="0.000"></testcase><testcase classname="tests.derived_parameters_test.TestAccelerationLateralOffsetRemoved" name="test_derive_positive_offset" time="0.000"></testcase><testcase classname="tests.derived_parameters_test.TestAccelerationLateralSmoothed" name="test_can_operate" time="0.000"></testcase><testcase classname="tests.derived_parameters_test.TestAccelerationLateralSmoothed" name="test_smoothing" time="0.000"></testcase><testcase classname="tests.derived_parameters_test.TestAccelerationLongitudinalOffsetRemoved" name="test_can_operate" time="0.000"></testcase><testcase classname="tests.derived_parameters_test.TestAccelerationLongitudinalOffsetRemoved" name="test_derive_negative_offset" time="0.000"></testcase><testcase classname="tests.derived_parameters_test.TestAccelerationLongitudinalOffsetRemoved" name="test_derive_no_offset" time="0.000"></testcase><testcase classname="tests.derived_parameters_test.TestAccelerationLongitudinalOffsetRemoved" name="test_derive_positive_offset" time="0.000"></testcase><testcase classname="tests.derived_parameters_test.TestAccelerationNormalHighLimitForLandingWeight" name="test_derive" time="0.001"></testcase><testcase classname="tests.derived_parameters_test.TestAccelerationNormalHighLimitWithFlapsDown" name="test_can_operate" time="0.000"></testcase><testcase classname="tests.derived_parameters_test.TestAccelerationNormalHighLimitWithFlapsDown" name="test_derive" time="0.002"></testcase><testcase classname="tests.derived_parameters_test.TestAccelerationNormalHighLimitWithFlapsDown" name="test_derive_below_MLW_flaps_30" time="0.002"></testcase><testcase classname="tests.derived_parameters_test.TestAccelerationNormalHighLimitWithFlapsDown" name="test_derive_flaps_up" time="0.002"></testcase><testcase classname="tests.derived_parameters_test.TestAccelerationNormalHighLimitWithFlapsDown" name="test_derive_over_MLW_flaps_30" time="0.002"></testcase><testcase classname="tests.derived_parameters_test.TestAccelerationNormalHighLimitWithFlapsDown" name="test_derive_over_MLW_flaps_less_than_30" time="0.002"></testcase><testcase classname="tests.derived_parameters_test.TestAccelerationNormalHighLimitWithFlapsDown" name="test_derive_over_MTOW_flaps_40" time="0.002"></testcase><testcase classname="tests.derived_parameters_test.TestAccelerationNormalLimitForLandingWeight" name="test_derive" time="0.001"></testcase><testcase classname="tests.derived_parameters_test.TestAccelerationNormalLowLimitForLandingWeight" name="test_derive" time="0.001"></testcase><testcase classname="tests.derived_parameters_test.TestAccelerationNormalOffsetRemoved" name="test_can_operate" time="0.000"></testcase><testcase classname="tests.derived_parameters_test.TestAccelerationNormalOffsetRemoved" name="test_derive_negative_offset" time="0.000"></testcase><testcase classname="tests.derived_parameters_test.TestAccelerationNormalOffsetRemoved" name="test_derive_no_offset" time="0.000"></testcase><testcase classname="tests.derived_parameters_test.TestAccelerationNormalOffsetRemoved" name="test_derive_positive_offset" time="0.001"></testcase><testcase classname="tests.derived_parameters_test.TestAccelerationSideways" name="test_acceleration_sideways_level_on_gound" time="0.002"></testcase><testcase classname="tests.derived_parameters_test.TestAccelerationSideways" name="test_acceleration_sideways_pitch_up" time="0.002"></testcase><testcase classname="tests.derived_parameters_test.TestAccelerationSideways" name="test_acceleration_sideways_roll_right" time="0.002"></testcase><testcase classname="tests.derived_parameters_test.TestAccelerationSideways" name="test_can_operate" time="0.002"></testcase><testcase classname="tests.derived_parameters_test.TestAccelerationVertical" name="test_acceleration_vertical_level_on_gound" time="0.002"></testcase><testcase classname="tests.derived_parameters_test.TestAccelerationVertical" name="test_acceleration_vertical_pitch_up" time="0.002"></testcase><testcase classname="tests.derived_parameters_test.TestAccelerationVertical" name="test_acceleration_vertical_pitch_up_roll_right" time="0.002"></testcase><testcase classname="tests.derived_parameters_test.TestAccelerationVertical" name="test_acceleration_vertical_roll_right" time="0.002"></testcase><testcase classname="tests.derived_parameters_test.TestAccelerationVertical" name="test_can_operate" time="0.002"></testcase><testcase classname="tests.derived_parameters_test.TestAileron" name="test_aileron_with_flaperon" time="0.010"></testcase><testcase classname="tests.derived_parameters_test.TestAileron" name="test_can_operate" time="0.000"></testcase><testcase classname="tests.derived_parameters_test.TestAileron" name="test_left_only" time="0.000"></testcase><testcase classname="tests.derived_parameters_test.TestAileron" name="test_normal_two_sensors" time="0.001"></testcase><testcase classname="tests.derived_parameters_test.TestAileron" name="test_right_only" time="0.000"></testcase><testcase classname="tests.derived_parameters_test.TestAileronLeft" name="test_can_operate" time="0.000"></testcase><testcase classname="tests.derived_parameters_test.TestAileronLeft" name="test_inboard_only" time="0.000"></testcase><testcase classname="tests.derived_parameters_test.TestAileronLeft" name="test_inboard_preferred" time="0.000"></testcase><testcase classname="tests.derived_parameters_test.TestAileronLeft" name="test_outboard_only" time="0.000"></testcase><testcase classname="tests.derived_parameters_test.TestAileronLeft" name="test_pot_working" time="0.001"></testcase><testcase classname="tests.derived_parameters_test.TestAileronLeft" name="test_synchro_working" time="0.001"></testcase><testcase classname="tests.derived_parameters_test.TestAileronRight" name="test_can_operate" time="0.000"></testcase><testcase classname="tests.derived_parameters_test.TestAileronRight" name="test_inboard_only" time="0.000"></testcase><testcase classname="tests.derived_parameters_test.TestAileronRight" name="test_inboard_preferred" time="0.000"></testcase><testcase classname="tests.derived_parameters_test.TestAileronRight" name="test_outboard_only" time="0.000"></testcase><testcase classname="tests.derived_parameters_test.TestAileronRight" name="test_pot_working" time="0.001"></testcase><testcase classname="tests.derived_parameters_test.TestAileronRight" name="test_synchro_working" time="0.001"></testcase><testcase classname="tests.derived_parameters_test.TestAileronTrim" name="test_can_operate" time="0.000"><skipped type="unittest.case.SkipTest" message="Test Not Implemented"><![CDATA[Exception: Test Not Implemented
]]></skipped></testcase><testcase classname="tests.derived_parameters_test.TestAileronTrim" name="test_derive" time="0.000"><skipped type="unittest.case.SkipTest" message="Test Not Implemented"><![CDATA[Exception: Test Not Implemented
]]></skipped></testcase><testcase classname="tests.derived_parameters_test.TestAimingPointRange" name="test_basic_scaling" time="0.000"></testcase><testcase classname="tests.derived_parameters_test.TestAircraftEnergy" name="test_derive" time="0.000"></testcase><testcase classname="tests.derived_parameters_test.TestAirspeedMinusAirspeedSelectedFMS" name="test_can_operate" time="0.001"></testcase><testcase classname="tests.derived_parameters_test.TestAirspeedMinusAirspeedSelectedFMS" name="test_derive" time="0.001"></testcase><testcase classname="tests.derived_parameters_test.TestAirspeedMinusAirspeedSelectedFMSFor3Sec" name="test_can_operate" time="0.000"></testcase><testcase classname="tests.derived_parameters_test.TestAirspeedMinusAirspeedSelectedFMSFor3Sec" name="test_derive_align" time="0.001"></testcase><testcase classname="tests.derived_parameters_test.TestAirspeedMinusAirspeedSelectedFMSFor3Sec" name="test_derive_basic" time="0.001"></testcase><testcase classname="tests.derived_parameters_test.TestAirspeedMinusAirspeedSelectedFor3Sec" name="test_can_operate" time="0.000"></testcase><testcase classname="tests.derived_parameters_test.TestAirspeedMinusAirspeedSelectedFor3Sec" name="test_derive" time="0.016"></testcase><testcase classname="tests.derived_parameters_test.TestAirspeedMinusFlapManoeuvreSpeed" name="test_can_operate" time="0.000"></testcase><testcase classname="tests.derived_parameters_test.TestAirspeedMinusFlapManoeuvreSpeed" name="test_derive__basic" time="0.001"></testcase><testcase classname="tests.derived_parameters_test.TestAirspeedMinusFlapManoeuvreSpeed" name="test_derive__masked" time="0.001"></testcase><testcase classname="tests.derived_parameters_test.TestAirspeedMinusFlapManoeuvreSpeedFor3Sec" name="test_can_operate" time="0.000"></testcase><testcase classname="tests.derived_parameters_test.TestAirspeedMinusFlapManoeuvreSpeedFor3Sec" name="test_derive__basic" time="0.001"></testcase><testcase classname="tests.derived_parameters_test.TestAirspeedMinusMinimumAirspeed" name="test_can_operate" time="0.000"></testcase><testcase classname="tests.derived_parameters_test.TestAirspeedMinusMinimumAirspeed" name="test_derive__basic" time="0.001"></testcase><testcase classname="tests.derived_parameters_test.TestAirspeedMinusMinimumAirspeed" name="test_derive__masked" time="0.001"></testcase><testcase classname="tests.derived_parameters_test.TestAirspeedMinusMinimumAirspeedFor3Sec" name="test_can_operate" time="0.000"></testcase><testcase classname="tests.derived_parameters_test.TestAirspeedMinusMinimumAirspeedFor3Sec" name="test_derive_align" time="0.001"></testcase><testcase classname="tests.derived_parameters_test.TestAirspeedMinusMinimumAirspeedFor3Sec" name="test_derive_basic" time="0.001"></testcase><testcase classname="tests.derived_parameters_test.TestAirspeedMinusV2" name="test_can_operate" time="0.001"></testcase><testcase classname="tests.derived_parameters_test.TestAirspeedMinusV2" name="test_derive__lookup_only" time="0.001"></testcase><testcase classname="tests.derived_parameters_test.TestAirspeedMinusV2" name="test_derive__masked_within_phase" time="0.001"></testcase><testcase classname="tests.derived_parameters_test.TestAirspeedMinusV2" name="test_derive__prefer_recorded" time="0.001"></testcase><testcase classname="tests.derived_parameters_test.TestAirspeedMinusV2" name="test_derive__prefer_selected" time="0.001"></testcase><testcase classname="tests.derived_parameters_test.TestAirspeedMinusV2" name="test_derive__recorded_and_lookup_masked" time="0.001"></testcase><testcase classname="tests.derived_parameters_test.TestAirspeedMinusV2" name="test_derive__recorded_masked" time="0.001"></testcase><testcase classname="tests.derived_parameters_test.TestAirspeedMinusV2" name="test_de
[...]
]]></skipped></testcase><testcase classname="tests.node_test.TestDerivedParameterNode" name="test_get_derived_aligns" time="0.000"></testcase><testcase classname="tests.node_test.TestDerivedParameterNode" name="test_get_derived_discrete_align" time="0.001"></testcase><testcase classname="tests.node_test.TestDerivedParameterNode" name="test_get_derived_unaligned" time="0.000"></testcase><testcase classname="tests.node_test.TestDerivedParameterNode" name="test_offset" time="0.000"><skipped type="unittest.case.SkipTest" message="Not Implemented"><![CDATA[Exception: Not Implemented
]]></skipped></testcase><testcase classname="tests.node_test.TestDerivedParameterNode" name="test_parameter_at" time="0.000"></testcase><testcase classname="tests.node_test.TestDerivedParameterNode" name="test_save_and_load_node" time="0.033"><system-out><![CDATA[7.8KB
44.3KB
]]></system-out></testcase><testcase classname="tests.node_test.TestDerivedParameterNode" name="test_slices_above" time="0.001"></testcase><testcase classname="tests.node_test.TestDerivedParameterNode" name="test_slices_below" time="0.001"></testcase><testcase classname="tests.node_test.TestDerivedParameterNode" name="test_slices_between" time="0.000"></testcase><testcase classname="tests.node_test.TestDerivedParameterNode" name="test_slices_from_to" time="0.000"></testcase><testcase classname="tests.node_test.TestDerivedParameterNode" name="test_slices_to_kti_overlapping_periods" time="0.001"></testcase><testcase classname="tests.node_test.TestDerivedParameterNode" name="test_slices_to_touchdown_basic" time="0.001"></testcase><testcase classname="tests.node_test.TestDerivedParameterNode" name="test_slices_to_touchdown_early" time="0.001"></testcase><testcase classname="tests.node_test.TestDerivedParameterNode" name="test_slices_to_touchdown_outside_range" time="0.001"></testcase><testcase classname="tests.node_test.TestFlightAttributeNode" name="test_nonzero_attribute" time="0.000"></testcase><testcase classname="tests.node_test.TestFlightAttributeNode" name="test_nonzero_flight_attr_node" time="0.000"></testcase><testcase classname="tests.node_test.TestFormattedNameNode" name="test__validate_name" time="0.011"></testcase><testcase classname="tests.node_test.TestFormattedNameNode" name="test_get" time="0.001"></testcase><testcase classname="tests.node_test.TestFormattedNameNode" name="test_get_first" time="0.001"></testcase><testcase classname="tests.node_test.TestFormattedNameNode" name="test_get_last" time="0.000"></testcase><testcase classname="tests.node_test.TestFormattedNameNode" name="test_get_named" time="0.000"></testcase><testcase classname="tests.node_test.TestFormattedNameNode" name="test_get_next" time="0.000"></testcase><testcase classname="tests.node_test.TestFormattedNameNode" name="test_get_ordered_by_index" time="0.000"></testcase><testcase classname="tests.node_test.TestFormattedNameNode" name="test_get_previous" time="0.000"></testcase><testcase classname="tests.node_test.TestFormattedNameNode" name="test_initial_items_storage" time="0.000"></testcase><testcase classname="tests.node_test.TestFormattedNameNode" name="test_names" time="0.000"></testcase><testcase classname="tests.node_test.TestFormattedNameNode" name="test_no_name_uses_node_name" time="0.000"></testcase><testcase classname="tests.node_test.TestKeyPointValueNode" name="test__get_slice_edges" time="0.000"></testcase><testcase classname="tests.node_test.TestKeyPointValueNode" name="test__get_slices" time="0.000"></testcase><testcase classname="tests.node_test.TestKeyPointValueNode" name="test_create_kpv" time="0.001"></testcase><testcase classname="tests.node_test.TestKeyPointValueNode" name="test_create_kpv_between_indexes" time="0.001"></testcase><testcase classname="tests.node_test.TestKeyPointValueNode" name="test_create_kpv_from_slices" time="0.002"></testcase><testcase classname="tests.node_test.TestKeyPointValueNode" name="test_create_kpv_outside_slices" time="0.001"></testcase><testcase classname="tests.node_test.TestKeyPointValueNode" name="test_create_kpvs_at_ktis" time="0.001"></testcase><testcase classname="tests.node_test.TestKeyPointValueNode" name="test_create_kpvs_at_ktis_multistate" time="0.001"></testcase><testcase classname="tests.node_test.TestKeyPointValueNode" name="test_create_kpvs_at_ktis_suppressed_zeros" time="0.001"></testcase><testcase classname="tests.node_test.TestKeyPointValueNode" name="test_create_kpvs_between_ktis" time="0.001"></testcase><testcase classname="tests.node_test.TestKeyPointValueNode" name="test_create_kpvs_from_slice_durations_basic" time="0.001"></testcase><testcase classname="tests.node_test.TestKeyPointValueNode" name="test_create_kpvs_from_slice_durations_faster_samples" time="0.001"></testcase><testcase classname="tests.node_test.TestKeyPointValueNode" name="test_create_kpvs_from_slice_durations_slower_samples" time="0.000"></testcase><testcase classname="tests.node_test.TestKeyPointValueNode" name="test_create_kpvs_where_in_empty_list" time="0.001"></testcase><testcase classname="tests.node_test.TestKeyPointValueNode" name="test_create_kpvs_where_in_empty_slice" time="0.001"></testcase><testcase classname="tests.node_test.TestKeyPointValueNode" name="test_create_kpvs_where_in_list_of_slices" time="0.001"></testcase><testcase classname="tests.node_test.TestKeyPointValueNode" name="test_create_kpvs_where_in_section" time="0.001"></testcase><testcase classname="tests.node_test.TestKeyPointValueNode" name="test_create_kpvs_where_in_section_node" time="0.001"></testcase><testcase classname="tests.node_test.TestKeyPointValueNode" name="test_create_kpvs_where_in_slice" time="0.001"></testcase><testcase classname="tests.node_test.TestKeyPointValueNode" name="test_create_kpvs_where_state" time="0.001"></testcase><testcase classname="tests.node_test.TestKeyPointValueNode" name="test_create_kpvs_where_state_different_frequency" time="0.001"></testcase><testcase classname="tests.node_test.TestKeyPointValueNode" name="test_create_kpvs_where_state_excluding_front_edge" time="0.001"></testcase><testcase classname="tests.node_test.TestKeyPointValueNode" name="test_create_kpvs_within_slices" time="0.001"></testcase><testcase classname="tests.node_test.TestKeyPointValueNode" name="test_create_kpvs_within_slices_duration_test" time="0.001"></testcase><testcase classname="tests.node_test.TestKeyPointValueNode" name="test_create_kpvs_within_slices_edge_test" time="0.001"></testcase><testcase classname="tests.node_test.TestKeyPointValueNode" name="test_get_aligned" time="0.001"></testcase><testcase classname="tests.node_test.TestKeyPointValueNode" name="test_get_max" time="0.000"></testcase><testcase classname="tests.node_test.TestKeyPointValueNode" name="test_get_min" time="0.001"></testcase><testcase classname="tests.node_test.TestKeyPointValueNode" name="test_get_ordered_by_value" time="0.001"></testcase><testcase classname="tests.node_test.TestKeyTimeInstanceNode" name="test_create_kti" time="0.000"></testcase><testcase classname="tests.node_test.TestKeyTimeInstanceNode" name="test_create_ktis_at_edges_either" time="0.001"></testcase><testcase classname="tests.node_test.TestKeyTimeInstanceNode" name="test_create_ktis_at_edges_fails" time="0.000"></testcase><testcase classname="tests.node_test.TestKeyTimeInstanceNode" name="test_create_ktis_at_edges_falling" time="0.001"></testcase><testcase classname="tests.node_test.TestKeyTimeInstanceNode" name="test_create_ktis_at_edges_inside_phases" time="0.001"></testcase><testcase classname="tests.node_test.TestKeyTimeInstanceNode" name="test_create_ktis_at_edges_replace_values" time="0.001"></testcase><testcase classname="tests.node_test.TestKeyTimeInstanceNode" name="test_create_ktis_at_edges_rising" time="0.001"></testcase><testcase classname="tests.node_test.TestKeyTimeInstanceNode" name="test_create_ktis_on_state_change_borders_entering" time="0.001"></testcase><testcase classname="tests.node_test.TestKeyTimeInstanceNode" name="test_create_ktis_on_state_change_borders_leaving" time="0.001"></testcase><testcase classname="tests.node_test.TestKeyTimeInstanceNode" name="test_create_ktis_on_state_change_entering" time="0.001"></testcase><testcase classname="tests.node_test.TestKeyTimeInstanceNode" name="test_create_ktis_on_state_change_entering_and_leaving" time="0.001"></testcase><testcase classname="tests.node_test.TestKeyTimeInstanceNode" name="test_create_ktis_on_state_change_entering_with_long_mask" time="0.005"></testcase><testcase classname="tests.node_test.TestKeyTimeInstanceNode" name="test_create_ktis_on_state_change_entering_with_mask" time="0.001"></testcase><testcase classname="tests.node_test.TestKeyTimeInstanceNode" name="test_create_ktis_on_state_change_entirely_masked" time="0.000"></testcase><testcase classname="tests.node_test.TestKeyTimeInstanceNode" name="test_create_ktis_on_state_change_leaving" time="0.001"></testcase><testcase classname="tests.node_test.TestKeyTimeInstanceNode" name="test_get_aligned" time="0.000"></testcase><testcase classname="tests.node_test.TestMultistateDerivedParameterNode" name="test_getattribute" time="0.001"></testcase><testcase classname="tests.node_test.TestMultistateDerivedParameterNode" name="test_init" time="0.001"></testcase><testcase classname="tests.node_test.TestMultistateDerivedParameterNode" name="test_pickle_load_includes_values_mapping" time="0.001"></testcase><testcase classname="tests.node_test.TestMultistateDerivedParameterNode" name="test_saving_to_hdf" time="0.005"></testcase><testcase classname="tests.node_test.TestMultistateDerivedParameterNode" name="test_setattr_array" time="0.001"></testcase><testcase classname="tests.node_test.TestMultistateDerivedParameterNode" name="test_settattr_string_array" time="0.001"></testcase><testcase classname="tests.node_test.TestNode" name="test_cache_key" time="0.000"></testcase><testcase classname="tests.node_test.TestNode" name="test_can_operate" time="0.000"></testcase><testcase classname="tests.node_test.TestNode" name="test_can_operate_with_objects_and_string_dependencies" time="0.000"></testcase><testcase classname="tests.node_test.TestNode" name="test_get_dependency_names" time="0.000"></testcase><testcase classname="tests.node_test.TestNode" name="test_get_derived_align_to_frequency" time="0.001"></testcase><testcase classname="tests.node_test.TestNode" name="test_get_derived_align_to_frequency_large_offset" time="0.001"></testcase><testcase classname="tests.node_test.TestNode" name="test_get_derived_align_to_frequency_offset" time="0.001"></testcase><testcase classname="tests.node_test.TestNode" name="test_get_derived_default" time="0.001"></testcase><testcase classname="tests.node_test.TestNode" name="test_get_derived_not_implemented" time="0.000"></testcase><testcase classname="tests.node_test.TestNode" name="test_get_derived_unaligned" time="0.000"></testcase><testcase classname="tests.node_test.TestNode" name="test_get_operational_combinations" time="0.000"></testcase><testcase classname="tests.node_test.TestNode" name="test_name" time="0.000"></testcase><testcase classname="tests.node_test.TestNode" name="test_node_attributes" time="0.000"></testcase><testcase classname="tests.node_test.TestNode" name="test_save_and_load" time="0.001"></testcase><testcase classname="tests.node_test.TestNodeManager" name="test_get_attribute" time="0.000"></testcase><testcase classname="tests.node_test.TestNodeManager" name="test_get_start_datetime" time="0.000"></testcase><testcase classname="tests.node_test.TestNodeManager" name="test_operational" time="0.001"></testcase><testcase classname="tests.node_test.TestNodeTypeAbbreviation" name="test_node_type_abbr_attribute" time="0.000"></testcase><testcase classname="tests.node_test.TestPowerset" name="test_powerset" time="0.000"></testcase><testcase classname="tests.node_test.TestSectionNode" name="test_get" time="0.000"></testcase><testcase classname="tests.node_test.TestSectionNode" name="test_get_aligned" time="0.000"></testcase><testcase classname="tests.node_test.TestSectionNode" name="test_get_aligned_negative_start" time="0.000"></testcase><testcase classname="tests.node_test.TestSectionNode" name="test_get_aligned_with_slice_start_as_none" time="0.001"></testcase><testcase classname="tests.node_test.TestSectionNode" name="test_get_first" time="0.000"></testcase><testcase classname="tests.node_test.TestSectionNode" name="test_get_last" time="0.000"></testcase><testcase classname="tests.node_test.TestSectionNode" name="test_get_longest" time="0.000"></testcase><testcase classname="tests.node_test.TestSectionNode" name="test_get_next" time="0.000"></testcase><testcase classname="tests.node_test.TestSectionNode" name="test_get_ordered_by_index" time="0.000"></testcase><testcase classname="tests.node_test.TestSectionNode" name="test_get_previous" time="0.000"></testcase><testcase classname="tests.node_test.TestSectionNode" name="test_get_shortest" time="0.000"></testcase><testcase classname="tests.node_test.TestSectionNode" name="test_get_slices" time="0.000"></testcase><testcase classname="tests.node_test.TestSectionNode" name="test_get_surrounding" time="0.000"></testcase><testcase classname="tests.node_test.TestSectionNode" name="test_items" time="0.000"></testcase><testcase classname="tests.process_flight_test.TestProcessFlight" name="test_get_derived_nodes" time="0.000"><skipped type="unittest.case.SkipTest" message="Test Not Implemented"><![CDATA[Exception: Test Not Implemented
]]></skipped></testcase><testcase classname="tests.process_flight_test.TestProcessFlight" name="test_get_required_params" time="0.000"><skipped type="unittest.case.SkipTest" message="Test Not Implemented"><![CDATA[Exception: Test Not Implemented
]]></skipped></testcase><testcase classname="tests.specimen_flight_test.TestProcessSpecimenFlight" name="test_process_specimen_flight" time="0.000"><skipped type="unittest.case.SkipTest" message="No longer working... Test needs to be redesigned."><![CDATA[Exception: No longer working... Test needs to be redesigned.
]]></skipped></testcase><testcase classname="tests.split_hdf_to_segments_test.TestDateTimeFunctions" name="test_calculate_fallback_dt" time="0.000"></testcase><testcase classname="tests.split_hdf_to_segments_test.TestDateTimeFunctions" name="test_constant_time" time="0.000"></testcase><testcase classname="tests.split_hdf_to_segments_test.TestDateTimeFunctions" name="test_get_dt_arrays__hour_after_midnight" time="0.027"></testcase><testcase classname="tests.split_hdf_to_segments_test.TestInvalidYears" name="test_mask_invalid_years" time="0.001"></testcase><testcase classname="tests.split_hdf_to_segments_test.TestSegmentInfo" name="test_append_segment_info" time="0.581"></testcase><testcase classname="tests.split_hdf_to_segments_test.TestSegmentInfo" name="test_append_segment_info_no_gofast" time="0.003"></testcase><testcase classname="tests.split_hdf_to_segments_test.TestSegmentInfo" name="test_calculate_start_datetime" time="0.004"></testcase><testcase classname="tests.split_hdf_to_segments_test.TestSegmentInfo" name="test_empty_year_no_seconds" time="0.001"></testcase><testcase classname="tests.split_hdf_to_segments_test.TestSegmentInfo" name="test_invalid_datetimes" time="0.146"></testcase><testcase classname="tests.split_hdf_to_segments_test.TestSegmentInfo" name="test_midnight_rollover" time="0.001"></testcase><testcase classname="tests.split_hdf_to_segments_test.TestSegmentInfo" name="test_no_year_with_a_very_recent_fallback" time="0.001"></testcase><testcase classname="tests.split_hdf_to_segments_test.TestSegmentInfo" name="test_timestamps_in_future_use_fallback_year" time="0.618"></testcase><testcase classname="tests.split_hdf_to_segments_test.TestSegmentInfo" name="test_timestamps_in_past" time="0.629"></testcase><testcase classname="tests.split_hdf_to_segments_test.TestSegmentInfo" name="test_year_00_uses_fallback_year" time="0.002"></testcase><testcase classname="tests.split_hdf_to_segments_test.TestSegmentTypeAndSlice" name="test_segment_type_and_slice_1" time="0.012"></testcase><testcase classname="tests.split_hdf_to_segments_test.TestSegmentTypeAndSlice" name="test_segment_type_and_slice_2" time="0.009"><system-err><![CDATA[/usr/src/testdir/analysis_engine/split_hdf_to_segments.py:134: RuntimeWarning: invalid value encountered in greater
  speed_array > thresholds['speed_threshold']) / speed_frequency
]]></system-err></testcase><testcase classname="tests.split_hdf_to_segments_test.TestSegmentTypeAndSlice" name="test_segment_type_and_slice_3" time="0.012"></testcase><testcase classname="tests.split_hdf_to_segments_test.TestSplitSegments" name="test__get_normalised_split_params" time="0.005"></testcase><testcase classname="tests.split_hdf_to_segments_test.TestSplitSegments" name="test_rto_correct_side_of_split" time="0.062"></testcase><testcase classname="tests.split_hdf_to_segments_test.TestSplitSegments" name="test_split_segments" time="0.023"></testcase><testcase classname="tests.split_hdf_to_segments_test.TestSplitSegments" name="test_split_segments_146_300" time="0.000"><skipped type="unittest.case.SkipTest" message="Test file not present"><![CDATA[Exception: Test file not present
]]></skipped></testcase><testcase classname="tests.split_hdf_to_segments_test.TestSplitSegments" name="test_split_segments_737_3C" time="0.000"><skipped type="unittest.case.SkipTest" message="Test file not present"><![CDATA[Exception: Test file not present
]]></skipped></testcase><testcase classname="tests.split_hdf_to_segments_test.TestSplitSegments" name="test_split_segments_data_1" time="0.046"></testcase><testcase classname="tests.split_hdf_to_segments_test.TestSplitSegments" name="test_split_segments_data_2" time="0.043"></testcase><testcase classname="tests.split_hdf_to_segments_test.TestSplitSegments" name="test_split_segments_data_3" time="0.018"></testcase><testcase classname="tests.split_hdf_to_segments_test.TestSplitSegments" name="test_split_segments_multiple_types" time="0.223"></testcase><testcase classname="tests.utils_test.TestGetNames" name="test_list_derived_parameters" time="0.006"></testcase><testcase classname="tests.utils_test.TestGetNames" name="test_list_everything" time="0.086"></testcase><testcase classname="tests.utils_test.TestGetNames" name="test_list_flight_attributes" time="0.000"></testcase><testcase classname="tests.utils_test.TestGetNames" name="test_list_flight_phases" time="0.002"></testcase><testcase classname="tests.utils_test.TestGetNames" name="test_list_kpvs" time="0.024"></testcase><testcase classname="tests.utils_test.TestGetNames" name="test_list_ktis" time="0.003"></testcase><testcase classname="tests.utils_test.TestGetNames" name="test_list_lfl_parameters" time="0.119"></testcase><testcase classname="tests.utils_test.TestGetNames" name="test_list_parameters" time="0.116"></testcase><testcase classname="tests.utils_test.TestTrimmer" name="test_derived_trimmer_mocked" time="0.001"></testcase></testsuite>